mode: set
github.com/nytlabs/streamtools/st/library/count.go:21.39,23.2 1 1
github.com/nytlabs/streamtools/st/library/count.go:25.25,33.2 7 1
github.com/nytlabs/streamtools/st/library/count.go:35.23,41.6 5 1
github.com/nytlabs/streamtools/st/library/count.go:41.6,42.10 1 1
github.com/nytlabs/streamtools/st/library/count.go:77.3,77.7 1 1
github.com/nytlabs/streamtools/st/library/count.go:43.3,43.22 0 1
github.com/nytlabs/streamtools/st/library/count.go:44.3,47.18 2 1
github.com/nytlabs/streamtools/st/library/count.go:52.4,53.18 2 1
github.com/nytlabs/streamtools/st/library/count.go:58.4,58.22 1 1
github.com/nytlabs/streamtools/st/library/count.go:59.3,60.10 1 1
github.com/nytlabs/streamtools/st/library/count.go:61.3,67.31 3 0
github.com/nytlabs/streamtools/st/library/count.go:68.3,71.5 1 0
github.com/nytlabs/streamtools/st/library/count.go:72.3,75.5 1 1
github.com/nytlabs/streamtools/st/library/count.go:47.18,49.13 2 0
github.com/nytlabs/streamtools/st/library/count.go:53.18,55.13 2 0
github.com/nytlabs/streamtools/st/library/count.go:77.7,79.20 2 1
github.com/nytlabs/streamtools/st/library/count.go:79.20,81.18 1 1
github.com/nytlabs/streamtools/st/library/count.go:85.5,86.10 2 1
github.com/nytlabs/streamtools/st/library/count.go:81.18,84.6 1 1
github.com/nytlabs/streamtools/st/library/fromNSQ.go:24.41,26.2 1 1
github.com/nytlabs/streamtools/st/library/fromNSQ.go:28.27,34.2 5 1
github.com/nytlabs/streamtools/st/library/fromNSQ.go:41.72,44.16 3 1
github.com/nytlabs/streamtools/st/library/fromNSQ.go:48.2,49.12 2 1
github.com/nytlabs/streamtools/st/library/fromNSQ.go:44.16,47.3 2 0
github.com/nytlabs/streamtools/st/library/fromNSQ.go:53.25,58.6 4 1
github.com/nytlabs/streamtools/st/library/fromNSQ.go:58.6,59.10 1 1
github.com/nytlabs/streamtools/st/library/fromNSQ.go:60.3,61.17 1 1
github.com/nytlabs/streamtools/st/library/fromNSQ.go:62.3,63.16 1 0
github.com/nytlabs/streamtools/st/library/fromNSQ.go:64.3,70.18 3 1
github.com/nytlabs/streamtools/st/library/fromNSQ.go:74.4,75.18 2 1
github.com/nytlabs/streamtools/st/library/fromNSQ.go:78.4,79.18 2 1
github.com/nytlabs/streamtools/st/library/fromNSQ.go:82.4,83.18 2 1
github.com/nytlabs/streamtools/st/library/fromNSQ.go:87.4,88.18 2 1
github.com/nytlabs/streamtools/st/library/fromNSQ.go:91.4,97.18 5 1
github.com/nytlabs/streamtools/st/library/fromNSQ.go:101.4,104.31 4 1
github.com/nytlabs/streamtools/st/library/fromNSQ.go:106.3,107.21 1 1
github.com/nytlabs/streamtools/st/library/fromNSQ.go:110.4,110.10 1 1
github.com/nytlabs/streamtools/st/library/fromNSQ.go:111.3,117.5 1 1
github.com/nytlabs/streamtools/st/library/fromNSQ.go:70.18,72.5 1 0
github.com/nytlabs/streamtools/st/library/fromNSQ.go:75.18,77.5 1 0
github.com/nytlabs/streamtools/st/library/fromNSQ.go:79.18,81.5 1 0
github.com/nytlabs/streamtools/st/library/fromNSQ.go:83.18,85.5 1 0
github.com/nytlabs/streamtools/st/library/fromNSQ.go:88.18,90.5 1 0
github.com/nytlabs/streamtools/st/library/fromNSQ.go:97.18,99.5 1 0
github.com/nytlabs/streamtools/st/library/fromNSQ.go:107.21,109.5 1 0
github.com/nytlabs/streamtools/st/library/fromSQS.go:24.41,26.2 1 1
github.com/nytlabs/streamtools/st/library/fromSQS.go:29.27,36.2 6 1
github.com/nytlabs/streamtools/st/library/fromSQS.go:39.25,40.6 1 1
github.com/nytlabs/streamtools/st/library/fromSQS.go:40.6,41.10 1 1
github.com/nytlabs/streamtools/st/library/fromSQS.go:42.3,44.18 2 1
github.com/nytlabs/streamtools/st/library/fromSQS.go:48.4,51.18 3 1
github.com/nytlabs/streamtools/st/library/fromSQS.go:55.4,58.18 3 1
github.com/nytlabs/streamtools/st/library/fromSQS.go:62.4,65.16 3 1
github.com/nytlabs/streamtools/st/library/fromSQS.go:66.3,69.18 3 0
github.com/nytlabs/streamtools/st/library/fromSQS.go:73.4,73.19 1 0
github.com/nytlabs/streamtools/st/library/fromSQS.go:74.3,76.10 1 1
github.com/nytlabs/streamtools/st/library/fromSQS.go:77.3,83.5 1 1
github.com/nytlabs/streamtools/st/library/fromSQS.go:44.18,46.10 2 0
github.com/nytlabs/streamtools/st/library/fromSQS.go:51.18,53.10 2 0
github.com/nytlabs/streamtools/st/library/fromSQS.go:58.18,60.10 2 0
github.com/nytlabs/streamtools/st/library/fromSQS.go:69.18,71.13 2 0
github.com/nytlabs/streamtools/st/library/mask.go:18.38,20.2 1 1
github.com/nytlabs/streamtools/st/library/mask.go:22.24,29.2 6 1
github.com/nytlabs/streamtools/st/library/mask.go:31.100,34.23 2 0
github.com/nytlabs/streamtools/st/library/mask.go:38.2,38.28 1 0
github.com/nytlabs/streamtools/st/library/mask.go:55.2,55.10 1 0
github.com/nytlabs/streamtools/st/library/mask.go:34.23,36.3 1 0
github.com/nytlabs/streamtools/st/library/mask.go:38.28,40.9 2 0
github.com/nytlabs/streamtools/st/library/mask.go:40.9,41.27 1 0
github.com/nytlabs/streamtools/st/library/mask.go:42.4,44.11 2 0
github.com/nytlabs/streamtools/st/library/mask.go:49.4,50.15 1 0
github.com/nytlabs/streamtools/st/library/mask.go:44.11,46.6 1 0
github.com/nytlabs/streamtools/st/library/mask.go:46.7,48.6 1 0
github.com/nytlabs/streamtools/st/library/mask.go:69.22,72.6 2 1
github.com/nytlabs/streamtools/st/library/mask.go:72.6,73.10 1 1
github.com/nytlabs/streamtools/st/library/mask.go:74.3,76.60 2 1
github.com/nytlabs/streamtools/st/library/mask.go:79.3,82.5 1 1
github.com/nytlabs/streamtools/st/library/mask.go:83.3,85.13 2 0
github.com/nytlabs/streamtools/st/library/mask.go:88.3,90.10 1 1
github.com/nytlabs/streamtools/st/library/mask.go:76.60,78.5 1 1
github.com/nytlabs/streamtools/st/library/mask.go:85.13,87.5 1 0
github.com/nytlabs/streamtools/st/library/tolog.go:15.39,17.2 1 0
github.com/nytlabs/streamtools/st/library/tolog.go:20.25,24.2 3 0
github.com/nytlabs/streamtools/st/library/tolog.go:27.23,28.9 1 0
github.com/nytlabs/streamtools/st/library/tolog.go:28.9,29.16 1 0
github.com/nytlabs/streamtools/st/library/tolog.go:30.9,31.19 1 0
github.com/nytlabs/streamtools/st/library/tolog.go:32.9,33.23 1 0
github.com/nytlabs/streamtools/st/library/zipf.go:21.38,23.2 1 1
github.com/nytlabs/streamtools/st/library/zipf.go:26.24,33.2 6 1
github.com/nytlabs/streamtools/st/library/zipf.go:39.22,44.6 5 1
github.com/nytlabs/streamtools/st/library/zipf.go:44.6,45.10 1 1
github.com/nytlabs/streamtools/st/library/zipf.go:46.3,49.11 2 0
github.com/nytlabs/streamtools/st/library/zipf.go:52.4,53.18 2 0
github.com/nytlabs/streamtools/st/library/zipf.go:56.4,57.18 2 0
github.com/nytlabs/streamtools/st/library/zipf.go:60.4,61.18 2 0
github.com/nytlabs/streamtools/st/library/zipf.go:64.4,64.49 1 0
github.com/nytlabs/streamtools/st/library/zipf.go:65.3,67.10 1 1
github.com/nytlabs/streamtools/st/library/zipf.go:68.3,72.5 1 0
github.com/nytlabs/streamtools/st/library/zipf.go:73.3,80.19 2 0
github.com/nytlabs/streamtools/st/library/zipf.go:49.11,51.5 1 0
github.com/nytlabs/streamtools/st/library/zipf.go:53.18,55.5 1 0
github.com/nytlabs/streamtools/st/library/zipf.go:57.18,59.5 1 0
github.com/nytlabs/streamtools/st/library/zipf.go:61.18,63.5 1 0
github.com/nytlabs/streamtools/st/library/fromHTTPStream.go:26.48,28.2 1 1
github.com/nytlabs/streamtools/st/library/fromHTTPStream.go:30.34,36.2 5 1
github.com/nytlabs/streamtools/st/library/fromHTTPStream.go:40.32,50.6 6 1
github.com/nytlabs/streamtools/st/library/fromHTTPStream.go:50.6,51.10 1 1
github.com/nytlabs/streamtools/st/library/fromHTTPStream.go:52.3,55.11 3 1
github.com/nytlabs/streamtools/st/library/fromHTTPStream.go:59.4,60.11 2 1
github.com/nytlabs/streamtools/st/library/fromHTTPStream.go:63.4,64.11 2 1
github.com/nytlabs/streamtools/st/library/fromHTTPStream.go:69.4,71.18 2 1
github.com/nytlabs/streamtools/st/library/fromHTTPStream.go:74.4,74.21 1 1
github.com/nytlabs/streamtools/st/library/fromHTTPStream.go:77.4,78.18 2 1
github.com/nytlabs/streamtools/st/library/fromHTTPStream.go:81.4,84.17 3 1
github.com/nytlabs/streamtools/st/library/fromHTTPStream.go:86.3,90.5 1 0
github.com/nytlabs/streamtools/st/library/fromHTTPStream.go:91.3,93.10 1 1
github.com/nytlabs/streamtools/st/library/fromHTTPStream.go:95.3,96.18 1 1
github.com/nytlabs/streamtools/st/library/fromHTTPStream.go:100.4,103.42 3 1
github.com/nytlabs/streamtools/st/library/fromHTTPStream.go:109.4,109.18 1 1
github.com/nytlabs/streamtools/st/library/fromHTTPStream.go:113.4,113.13 1 1
github.com/nytlabs/streamtools/st/library/fromHTTPStream.go:116.4,117.38 2 1
github.com/nytlabs/streamtools/st/library/fromHTTPStream.go:55.11,57.10 2 0
github.com/nytlabs/streamtools/st/library/fromHTTPStream.go:60.11,62.5 1 1
github.com/nytlabs/streamtools/st/library/fromHTTPStream.go:64.11,66.10 2 0
github.com/nytlabs/streamtools/st/library/fromHTTPStream.go:71.18,73.5 1 0
github.com/nytlabs/streamtools/st/library/fromHTTPStream.go:74.21,76.5 1 0
github.com/nytlabs/streamtools/st/library/fromHTTPStream.go:78.18,80.5 1 0
github.com/nytlabs/streamtools/st/library/fromHTTPStream.go:96.18,98.10 2 1
github.com/nytlabs/streamtools/st/library/fromHTTPStream.go:103.42,106.13 3 1
github.com/nytlabs/streamtools/st/library/fromHTTPStream.go:109.18,111.5 1 0
github.com/nytlabs/streamtools/st/library/fromHTTPStream.go:113.13,114.10 1 0
github.com/nytlabs/streamtools/st/library/fromHTTPStream.go:117.38,118.64 1 0
github.com/nytlabs/streamtools/st/library/fromHTTPStream.go:129.5,129.17 1 0
github.com/nytlabs/streamtools/st/library/fromHTTPStream.go:118.64,119.23 1 0
github.com/nytlabs/streamtools/st/library/fromHTTPStream.go:119.23,122.21 3 0
github.com/nytlabs/streamtools/st/library/fromHTTPStream.go:126.7,126.22 1 0
github.com/nytlabs/streamtools/st/library/fromHTTPStream.go:122.21,124.16 2 0
github.com/nytlabs/streamtools/st/library/fromHTTPStream.go:130.6,130.45 1 1
github.com/nytlabs/streamtools/st/library/fromHTTPStream.go:130.45,132.5 1 0
github.com/nytlabs/streamtools/st/library/getHTTP.go:24.41,26.2 1 1
github.com/nytlabs/streamtools/st/library/getHTTP.go:29.27,36.2 6 1
github.com/nytlabs/streamtools/st/library/getHTTP.go:39.25,43.6 4 1
github.com/nytlabs/streamtools/st/library/getHTTP.go:43.6,44.10 1 1
github.com/nytlabs/streamtools/st/library/getHTTP.go:45.3,48.18 2 0
github.com/nytlabs/streamtools/st/library/getHTTP.go:52.4,53.18 2 0
github.com/nytlabs/streamtools/st/library/getHTTP.go:57.4,58.18 2 0
github.com/nytlabs/streamtools/st/library/getHTTP.go:62.3,64.10 1 1
github.com/nytlabs/streamtools/st/library/getHTTP.go:65.3,68.18 2 0
github.com/nytlabs/streamtools/st/library/getHTTP.go:72.4,73.11 2 0
github.com/nytlabs/streamtools/st/library/getHTTP.go:78.4,80.18 3 0
github.com/nytlabs/streamtools/st/library/getHTTP.go:85.4,86.18 2 0
github.com/nytlabs/streamtools/st/library/getHTTP.go:90.4,92.18 3 0
github.com/nytlabs/streamtools/st/library/getHTTP.go:96.4,96.19 1 0
github.com/nytlabs/streamtools/st/library/getHTTP.go:97.3,101.5 1 0
github.com/nytlabs/streamtools/st/library/getHTTP.go:48.18,50.13 2 0
github.com/nytlabs/streamtools/st/library/getHTTP.go:53.18,55.13 2 0
github.com/nytlabs/streamtools/st/library/getHTTP.go:58.18,60.13 2 0
github.com/nytlabs/streamtools/st/library/getHTTP.go:68.18,70.13 2 0
github.com/nytlabs/streamtools/st/library/getHTTP.go:73.11,75.13 2 0
github.com/nytlabs/streamtools/st/library/getHTTP.go:80.18,82.13 2 0
github.com/nytlabs/streamtools/st/library/getHTTP.go:86.18,88.13 2 0
github.com/nytlabs/streamtools/st/library/getHTTP.go:92.18,94.13 2 0
github.com/nytlabs/streamtools/st/library/library.go:30.14,31.34 1 0
github.com/nytlabs/streamtools/st/library/library.go:31.34,36.3 4 0
github.com/nytlabs/streamtools/st/library/map.go:19.60,21.9 2 1
github.com/nytlabs/streamtools/st/library/map.go:24.2,25.12 2 1
github.com/nytlabs/streamtools/st/library/map.go:21.9,23.3 1 0
github.com/nytlabs/streamtools/st/library/map.go:29.69,32.28 2 1
github.com/nytlabs/streamtools/st/library/map.go:53.2,53.15 1 1
github.com/nytlabs/streamtools/st/library/map.go:32.28,33.24 1 1
github.com/nytlabs/streamtools/st/library/map.go:34.3,36.18 2 0
github.com/nytlabs/streamtools/st/library/map.go:39.4,39.16 1 0
github.com/nytlabs/streamtools/st/library/map.go:40.3,42.18 2 1
github.com/nytlabs/streamtools/st/library/map.go:45.4,46.18 2 1
github.com/nytlabs/streamtools/st/library/map.go:49.4,49.19 1 1
github.com/nytlabs/streamtools/st/library/map.go:36.18,38.5 1 0
github.com/nytlabs/streamtools/st/library/map.go:42.18,44.5 1 0
github.com/nytlabs/streamtools/st/library/map.go:46.18,48.5 1 0
github.com/nytlabs/streamtools/st/library/map.go:57.106,59.28 2 0
github.com/nytlabs/streamtools/st/library/map.go:75.2,75.16 1 0
github.com/nytlabs/streamtools/st/library/map.go:59.28,60.33 1 0
github.com/nytlabs/streamtools/st/library/map.go:61.3,63.18 2 0
github.com/nytlabs/streamtools/st/library/map.go:66.4,66.17 1 0
github.com/nytlabs/streamtools/st/library/map.go:67.3,69.18 2 0
github.com/nytlabs/streamtools/st/library/map.go:72.4,72.26 1 0
github.com/nytlabs/streamtools/st/library/map.go:63.18,65.5 1 0
github.com/nytlabs/streamtools/st/library/map.go:69.18,71.5 1 0
github.com/nytlabs/streamtools/st/library/map.go:79.65,82.24 2 0
github.com/nytlabs/streamtools/st/library/map.go:90.2,90.10 1 0
github.com/nytlabs/streamtools/st/library/map.go:82.24,83.29 1 0
github.com/nytlabs/streamtools/st/library/map.go:84.3,85.25 1 0
github.com/nytlabs/streamtools/st/library/map.go:86.3,87.16 1 0
github.com/nytlabs/streamtools/st/library/map.go:94.37,96.2 1 1
github.com/nytlabs/streamtools/st/library/map.go:99.23,106.2 6 1
github.com/nytlabs/streamtools/st/library/map.go:109.21,113.6 4 1
github.com/nytlabs/streamtools/st/library/map.go:113.6,114.10 1 1
github.com/nytlabs/streamtools/st/library/map.go:115.3,118.11 2 1
github.com/nytlabs/streamtools/st/library/map.go:121.4,122.11 2 1
github.com/nytlabs/streamtools/st/library/map.go:126.4,128.11 3 1
github.com/nytlabs/streamtools/st/library/map.go:131.4,133.18 3 1
github.com/nytlabs/streamtools/st/library/map.go:138.3,140.10 1 1
github.com/nytlabs/streamtools/st/library/map.go:141.3,143.21 1 0
github.com/nytlabs/streamtools/st/library/map.go:146.4,147.24 2 0
github.com/nytlabs/streamtools/st/library/map.go:151.4,153.18 3 0
github.com/nytlabs/streamtools/st/library/map.go:157.4,157.29 1 0
github.com/nytlabs/streamtools/st/library/map.go:160.4,160.19 1 0
github.com/nytlabs/streamtools/st/library/map.go:162.3,168.20 2 1
github.com/nytlabs/streamtools/st/library/map.go:118.11,120.5 1 0
github.com/nytlabs/streamtools/st/library/map.go:122.11,125.5 1 1
github.com/nytlabs/streamtools/st/library/map.go:128.11,130.5 1 0
github.com/nytlabs/streamtools/st/library/map.go:133.18,135.5 1 1
github.com/nytlabs/streamtools/st/library/map.go:135.6,137.5 1 0
github.com/nytlabs/streamtools/st/library/map.go:143.21,144.13 1 0
github.com/nytlabs/streamtools/st/library/map.go:147.24,149.5 1 0
github.com/nytlabs/streamtools/st/library/map.go:153.18,155.5 1 0
github.com/nytlabs/streamtools/st/library/map.go:157.29,159.5 1 0
github.com/nytlabs/streamtools/st/library/ticker.go:19.40,21.2 1 1
github.com/nytlabs/streamtools/st/library/ticker.go:24.26,30.2 5 1
github.com/nytlabs/streamtools/st/library/ticker.go:33.24,36.6 3 1
github.com/nytlabs/streamtools/st/library/ticker.go:36.6,37.10 1 1
github.com/nytlabs/streamtools/st/library/ticker.go:38.3,41.5 1 1
github.com/nytlabs/streamtools/st/library/ticker.go:42.3,45.18 2 0
github.com/nytlabs/streamtools/st/library/ticker.go:50.4,51.18 2 0
github.com/nytlabs/streamtools/st/library/ticker.go:56.4,56.32 1 0
github.com/nytlabs/streamtools/st/library/ticker.go:57.3,58.10 1 1
github.com/nytlabs/streamtools/st/library/ticker.go:59.3,63.5 1 0
github.com/nytlabs/streamtools/st/library/ticker.go:45.18,47.10 2 0
github.com/nytlabs/streamtools/st/library/ticker.go:51.18,53.10 2 0
github.com/nytlabs/streamtools/st/library/timeseries.go:33.44,35.2 1 1
github.com/nytlabs/streamtools/st/library/timeseries.go:38.30,46.2 7 1
github.com/nytlabs/streamtools/st/library/timeseries.go:49.28,59.6 7 1
github.com/nytlabs/streamtools/st/library/timeseries.go:59.6,61.10 2 1
github.com/nytlabs/streamtools/st/library/timeseries.go:62.3,66.11 3 0
github.com/nytlabs/streamtools/st/library/timeseries.go:69.4,70.18 2 0
github.com/nytlabs/streamtools/st/library/timeseries.go:74.4,75.18 2 0
github.com/nytlabs/streamtools/st/library/timeseries.go:79.4,80.18 2 0
github.com/nytlabs/streamtools/st/library/timeseries.go:84.4,85.18 2 0
github.com/nytlabs/streamtools/st/library/timeseries.go:90.3,93.10 2 1
github.com/nytlabs/streamtools/st/library/timeseries.go:94.3,96.19 2 0
github.com/nytlabs/streamtools/st/library/timeseries.go:100.4,101.18 2 0
github.com/nytlabs/streamtools/st/library/timeseries.go:105.4,106.25 2 0
github.com/nytlabs/streamtools/st/library/timeseries.go:115.4,121.44 3 0
github.com/nytlabs/streamtools/st/library/timeseries.go:122.3,125.20 2 0
github.com/nytlabs/streamtools/st/library/timeseries.go:66.11,68.5 1 0
github.com/nytlabs/streamtools/st/library/timeseries.go:70.18,72.13 2 0
github.com/nytlabs/streamtools/st/library/timeseries.go:75.18,77.13 2 0
github.com/nytlabs/streamtools/st/library/timeseries.go:80.18,82.13 2 0
github.com/nytlabs/streamtools/st/library/timeseries.go:85.18,87.13 2 0
github.com/nytlabs/streamtools/st/library/timeseries.go:96.19,97.13 1 0
github.com/nytlabs/streamtools/st/library/timeseries.go:101.18,103.13 2 0
github.com/nytlabs/streamtools/st/library/timeseries.go:107.4,108.21 1 0
github.com/nytlabs/streamtools/st/library/timeseries.go:109.4,110.21 1 0
github.com/nytlabs/streamtools/st/library/timeseries.go:111.4,112.12 1 0
github.com/nytlabs/streamtools/st/library/fromPost.go:19.42,21.2 1 1
github.com/nytlabs/streamtools/st/library/fromPost.go:24.28,29.2 4 1
github.com/nytlabs/streamtools/st/library/fromPost.go:32.26,33.6 1 1
github.com/nytlabs/streamtools/st/library/fromPost.go:33.6,34.10 1 1
github.com/nytlabs/streamtools/st/library/fromPost.go:35.3,37.10 1 1
github.com/nytlabs/streamtools/st/library/fromPost.go:38.3,41.16 2 1
github.com/nytlabs/streamtools/st/library/gaussian.go:21.42,23.2 1 1
github.com/nytlabs/streamtools/st/library/gaussian.go:26.28,33.2 6 1
github.com/nytlabs/streamtools/st/library/gaussian.go:36.26,41.6 4 1
github.com/nytlabs/streamtools/st/library/gaussian.go:41.6,42.10 1 1
github.com/nytlabs/streamtools/st/library/gaussian.go:43.3,46.11 2 0
github.com/nytlabs/streamtools/st/library/gaussian.go:49.4,50.18 2 0
github.com/nytlabs/streamtools/st/library/gaussian.go:53.4,54.18 2 0
github.com/nytlabs/streamtools/st/library/gaussian.go:57.3,59.10 1 1
github.com/nytlabs/streamtools/st/library/gaussian.go:60.3,64.5 1 0
github.com/nytlabs/streamtools/st/library/gaussian.go:65.3,71.19 2 0
github.com/nytlabs/streamtools/st/library/gaussian.go:46.11,48.5 1 0
github.com/nytlabs/streamtools/st/library/gaussian.go:50.18,52.5 1 0
github.com/nytlabs/streamtools/st/library/gaussian.go:54.18,56.5 1 0
github.com/nytlabs/streamtools/st/library/skeleton_block.go:19.42,21.2 1 0
github.com/nytlabs/streamtools/st/library/skeleton_block.go:24.28,32.2 7 0
github.com/nytlabs/streamtools/st/library/skeleton_block.go:35.26,36.6 1 0
github.com/nytlabs/streamtools/st/library/skeleton_block.go:36.6,37.10 1 0
github.com/nytlabs/streamtools/st/library/skeleton_block.go:38.3,40.41 1 0
github.com/nytlabs/streamtools/st/library/skeleton_block.go:41.3,43.10 1 0
github.com/nytlabs/streamtools/st/library/skeleton_block.go:44.3,44.19 0 0
github.com/nytlabs/streamtools/st/library/skeleton_block.go:46.3,46.19 0 0
github.com/nytlabs/streamtools/st/library/skeleton_block.go:48.3,48.26 0 0
github.com/nytlabs/streamtools/st/library/sync.go:23.38,25.2 1 1
github.com/nytlabs/streamtools/st/library/sync.go:28.24,35.2 6 1
github.com/nytlabs/streamtools/st/library/sync.go:38.22,45.6 7 1
github.com/nytlabs/streamtools/st/library/sync.go:45.6,46.10 1 1
github.com/nytlabs/streamtools/st/library/sync.go:107.3,108.7 2 1
github.com/nytlabs/streamtools/st/library/sync.go:47.3,47.21 0 1
github.com/nytlabs/streamtools/st/library/sync.go:48.3,51.18 2 0
github.com/nytlabs/streamtools/st/library/sync.go:55.4,56.18 2 0
github.com/nytlabs/streamtools/st/library/sync.go:60.4,61.18 2 0
github.com/nytlabs/streamtools/st/library/sync.go:66.4,67.18 2 0
github.com/nytlabs/streamtools/st/library/sync.go:71.4,72.18 2 0
github.com/nytlabs/streamtools/st/library/sync.go:76.3,78.10 1 1
github.com/nytlabs/streamtools/st/library/sync.go:79.3,81.19 1 0
github.com/nytlabs/streamtools/st/library/sync.go:84.4,85.18 2 0
github.com/nytlabs/streamtools/st/library/sync.go:88.4,89.11 2 0
github.com/nytlabs/streamtools/st/library/sync.go:93.4,98.31 3 0
github.com/nytlabs/streamtools/st/library/sync.go:100.3,104.5 1 0
github.com/nytlabs/streamtools/st/library/sync.go:51.18,53.10 2 0
github.com/nytlabs/streamtools/st/library/sync.go:56.18,58.13 2 0
github.com/nytlabs/streamtools/st/library/sync.go:61.18,63.10 2 0
github.com/nytlabs/streamtools/st/library/sync.go:67.18,69.13 2 0
github.com/nytlabs/streamtools/st/library/sync.go:72.18,74.13 2 0
github.com/nytlabs/streamtools/st/library/sync.go:81.19,82.10 1 0
github.com/nytlabs/streamtools/st/library/sync.go:85.18,87.5 1 0
github.com/nytlabs/streamtools/st/library/sync.go:89.11,91.13 2 0
github.com/nytlabs/streamtools/st/library/sync.go:108.7,110.19 2 1
github.com/nytlabs/streamtools/st/library/sync.go:118.4,118.59 1 0
github.com/nytlabs/streamtools/st/library/sync.go:110.19,112.18 1 1
github.com/nytlabs/streamtools/st/library/sync.go:115.5,116.10 2 1
github.com/nytlabs/streamtools/st/library/sync.go:112.18,114.6 1 1
github.com/nytlabs/streamtools/st/library/filter.go:19.40,21.2 1 1
github.com/nytlabs/streamtools/st/library/filter.go:23.26,30.2 6 1
github.com/nytlabs/streamtools/st/library/filter.go:32.24,36.6 3 1
github.com/nytlabs/streamtools/st/library/filter.go:36.6,37.10 1 1
github.com/nytlabs/streamtools/st/library/filter.go:38.3,39.21 1 0
github.com/nytlabs/streamtools/st/library/filter.go:44.4,45.18 2 0
github.com/nytlabs/streamtools/st/library/filter.go:50.4,51.11 2 0
github.com/nytlabs/streamtools/st/library/filter.go:55.4,55.20 1 0
github.com/nytlabs/streamtools/st/library/filter.go:59.3,61.18 2 1
github.com/nytlabs/streamtools/st/library/filter.go:66.4,67.18 2 1
github.com/nytlabs/streamtools/st/library/filter.go:72.4,73.18 2 1
github.com/nytlabs/streamtools/st/library/filter.go:78.4,79.20 2 1
github.com/nytlabs/streamtools/st/library/filter.go:81.3,85.5 1 1
github.com/nytlabs/streamtools/st/library/filter.go:86.3,88.10 1 1
github.com/nytlabs/streamtools/st/library/filter.go:39.21,41.10 2 0
github.com/nytlabs/streamtools/st/library/filter.go:45.18,47.10 2 0
github.com/nytlabs/streamtools/st/library/filter.go:51.11,52.10 1 0
github.com/nytlabs/streamtools/st/library/filter.go:55.20,57.5 1 0
github.com/nytlabs/streamtools/st/library/filter.go:61.18,63.10 2 0
github.com/nytlabs/streamtools/st/library/filter.go:67.18,69.10 2 0
github.com/nytlabs/streamtools/st/library/filter.go:73.18,75.10 2 0
github.com/nytlabs/streamtools/st/library/histogram.go:24.43,26.2 1 1
github.com/nytlabs/streamtools/st/library/histogram.go:28.70,34.31 5 0
github.com/nytlabs/streamtools/st/library/histogram.go:44.2,47.13 2 0
github.com/nytlabs/streamtools/st/library/histogram.go:34.31,42.3 4 0
github.com/nytlabs/streamtools/st/library/histogram.go:51.29,59.2 7 1
github.com/nytlabs/streamtools/st/library/histogram.go:62.27,70.6 7 1
github.com/nytlabs/streamtools/st/library/histogram.go:70.6,71.10 1 1
github.com/nytlabs/streamtools/st/library/histogram.go:137.3,137.32 1 1
github.com/nytlabs/streamtools/st/library/histogram.go:72.3,75.18 2 1
github.com/nytlabs/streamtools/st/library/histogram.go:78.4,79.18 2 1
github.com/nytlabs/streamtools/st/library/histogram.go:82.4,84.18 3 1
github.com/nytlabs/streamtools/st/library/histogram.go:89.3,91.10 1 1
github.com/nytlabs/streamtools/st/library/histogram.go:92.3,93.19 1 0
github.com/nytlabs/streamtools/st/library/histogram.go:96.4,97.18 2 0
github.com/nytlabs/streamtools/st/library/histogram.go:101.4,102.11 2 0
github.com/nytlabs/streamtools/st/library/histogram.go:107.4,107.44 1 0
github.com/nytlabs/streamtools/st/library/histogram.go:123.3,123.22 0 1
github.com/nytlabs/streamtools/st/library/histogram.go:125.3,128.17 2 0
github.com/nytlabs/streamtools/st/library/histogram.go:129.3,135.19 2 1
github.com/nytlabs/streamtools/st/library/histogram.go:75.18,77.5 1 0
github.com/nytlabs/streamtools/st/library/histogram.go:79.18,81.5 1 0
github.com/nytlabs/streamtools/st/library/histogram.go:84.18,86.10 2 0
github.com/nytlabs/streamtools/st/library/histogram.go:93.19,94.13 1 0
github.com/nytlabs/streamtools/st/library/histogram.go:97.18,99.10 2 0
github.com/nytlabs/streamtools/st/library/histogram.go:102.11,104.10 2 0
github.com/nytlabs/streamtools/st/library/histogram.go:107.44,113.5 2 0
github.com/nytlabs/streamtools/st/library/histogram.go:113.6,122.5 5 0
github.com/nytlabs/streamtools/st/library/histogram.go:137.32,138.8 1 0
github.com/nytlabs/streamtools/st/library/histogram.go:138.8,140.21 2 0
github.com/nytlabs/streamtools/st/library/histogram.go:140.21,142.19 1 0
github.com/nytlabs/streamtools/st/library/histogram.go:146.6,147.11 2 0
github.com/nytlabs/streamtools/st/library/histogram.go:142.19,145.7 1 0
github.com/nytlabs/streamtools/st/library/priority_queue.go:19.35,21.2 1 1
github.com/nytlabs/streamtools/st/library/priority_queue.go:23.45,26.2 1 0
github.com/nytlabs/streamtools/st/library/priority_queue.go:28.40,32.2 3 0
github.com/nytlabs/streamtools/st/library/priority_queue.go:34.46,39.2 4 0
github.com/nytlabs/streamtools/st/library/priority_queue.go:41.44,48.2 6 0
github.com/nytlabs/streamtools/st/library/priority_queue.go:50.102,51.19 1 1
github.com/nytlabs/streamtools/st/library/priority_queue.go:55.2,57.33 2 0
github.com/nytlabs/streamtools/st/library/priority_queue.go:62.2,62.35 1 0
github.com/nytlabs/streamtools/st/library/priority_queue.go:51.19,53.3 1 1
github.com/nytlabs/streamtools/st/library/priority_queue.go:57.33,60.3 2 0
github.com/nytlabs/streamtools/st/library/toFile.go:25.40,27.2 1 1
github.com/nytlabs/streamtools/st/library/toFile.go:30.26,37.2 6 1
github.com/nytlabs/streamtools/st/library/toFile.go:40.24,41.6 1 1
github.com/nytlabs/streamtools/st/library/toFile.go:41.6,42.10 1 1
github.com/nytlabs/streamtools/st/library/toFile.go:43.3,48.18 3 1
github.com/nytlabs/streamtools/st/library/toFile.go:52.4,54.25 2 1
github.com/nytlabs/streamtools/st/library/toFile.go:55.3,57.21 1 1
github.com/nytlabs/streamtools/st/library/toFile.go:60.4,60.10 1 1
github.com/nytlabs/streamtools/st/library/toFile.go:61.3,65.18 3 0
github.com/nytlabs/streamtools/st/library/toFile.go:68.4,69.13 2 0
github.com/nytlabs/streamtools/st/library/toFile.go:70.3,74.5 1 1
github.com/nytlabs/streamtools/st/library/toFile.go:48.18,50.5 1 0
github.com/nytlabs/streamtools/st/library/toFile.go:57.21,59.5 1 1
github.com/nytlabs/streamtools/st/library/toFile.go:65.18,67.5 1 0
github.com/nytlabs/streamtools/st/library/toNSQ.go:23.39,25.2 1 1
github.com/nytlabs/streamtools/st/library/toNSQ.go:27.25,34.2 6 1
github.com/nytlabs/streamtools/st/library/toNSQ.go:37.23,40.6 2 1
github.com/nytlabs/streamtools/st/library/toNSQ.go:40.6,41.10 1 1
github.com/nytlabs/streamtools/st/library/toNSQ.go:42.3,46.18 2 1
github.com/nytlabs/streamtools/st/library/toNSQ.go:51.4,52.18 2 1
github.com/nytlabs/streamtools/st/library/toNSQ.go:57.4,60.33 3 1
github.com/nytlabs/streamtools/st/library/toNSQ.go:62.3,64.18 2 1
github.com/nytlabs/streamtools/st/library/toNSQ.go:67.4,68.18 2 1
github.com/nytlabs/streamtools/st/library/toNSQ.go:72.3,73.10 1 1
github.com/nytlabs/streamtools/st/library/toNSQ.go:74.3,78.5 1 1
github.com/nytlabs/streamtools/st/library/toNSQ.go:46.18,48.10 2 0
github.com/nytlabs/streamtools/st/library/toNSQ.go:52.18,54.10 2 0
github.com/nytlabs/streamtools/st/library/toNSQ.go:64.18,66.5 1 0
github.com/nytlabs/streamtools/st/library/toNSQ.go:68.18,70.5 1 0
